<?xml version="1.0" encoding="UTF-8"?>
<!-- Generated by org.testng.reporters.JUnitReportReporter -->
<testsuite hostname="USPL-220" failures="0" tests="8" name="NewPackage.pageObject.SubmitOrderTest" time="17.689" errors="0" timestamp="2024-01-30T13:15:31 IST" skipped="0">
  <testcase classname="NewPackage.pageObject.SubmitOrderTest" name="Landingpage" time="0.815"/>
  <system-out/>
  <testcase classname="NewPackage.pageObject.SubmitOrderTest" name="LoginIntoWebsite" time="0.299"/>
  <system-out/>
  <testcase classname="NewPackage.pageObject.SubmitOrderTest" name="GettingProduct" time="13.461"/>
  <system-out/>
  <testcase classname="NewPackage.pageObject.SubmitOrderTest" name="ClickOnCart" time="2.154"/>
  <system-out/>
  <testcase classname="NewPackage.pageObject.SubmitOrderTest" name="VeryfyingProduct" time="0.092"/>
  <system-out/>
  <testcase classname="NewPackage.pageObject.SubmitOrderTest" name="CheckoutPage" time="0.708"/>
  <system-out/>
  <testcase classname="NewPackage.pageObject.SubmitOrderTest" name="SubmitOrder" time="0.050"/>
  <system-out/>
  <testcase classname="NewPackage.pageObject.SubmitOrderTest" name="OrderCompleted" time="0.110"/>
  <system-out/>
</testsuite> <!-- NewPackage.pageObject.SubmitOrderTest -->
