<?xml version="1.0" encoding="UTF-8"?>
<!-- Generated by org.testng.reporters.JUnitReportReporter -->
<testsuite hostname="USPL-220" failures="0" tests="1" name="NewPackage.pageObject.StandAloneTest" time="9.928" errors="0" timestamp="2024-02-08T17:52:15 IST" skipped="0">
  <testcase classname="NewPackage.pageObject.StandAloneTest" name="submitOrder" time="9.928"/>
  <system-out/>
</testsuite> <!-- NewPackage.pageObject.StandAloneTest -->
